# JRE version: OpenJDK Runtime Environment Temurin-21.0.7+6 (21.0.7+6) (build 21.0.7+6-LTS)
# Java VM: OpenJDK 64-Bit Server VM Temurin-21.0.7+6 (21.0.7+6-LTS, mixed mode, sharing, tiered, compressed oops, compressed class ptrs, parallel gc, windows-amd64)
GC Precious Log:
 CardTable entry size: 512
 CPUs: 8 total, 8 available
 Memory: 8023M
 Large Page Support: Disabled
 NUMA Support: Disabled
 Compressed Oops: Enabled (32-bit)
 Alignments: Space 512K, Generation 512K, Heap 2M
 Heap Min Capacity: 100M
 Heap Initial Capacity: 100M
 Heap Max Capacity: 1G
 Pre-touch: Disabled
 Parallel Workers: 8
Heap:
 PSYoungGen      total 23552K, used 18938K [0x00000000eab00000, 0x00000000ec400000, 0x0000000100000000)
  eden space 22016K, 81% used [0x00000000eab00000,0x00000000ebc74490,0x00000000ec080000)
  from space 1536K, 69% used [0x00000000ec200000,0x00000000ec30a6f0,0x00000000ec380000)
  to   space 512K, 0% used [0x00000000ec380000,0x00000000ec380000,0x00000000ec400000)
 ParOldGen       total 68608K, used 19995K [0x00000000c0000000, 0x00000000c4300000, 0x00000000eab00000)
  object space 68608K, 29% used [0x00000000c0000000,0x00000000c1386f20,0x00000000c4300000)
 Metaspace       used 41514K, committed 42688K, reserved 1114112K
  class space    used 4337K, committed 4864K, reserved 1048576K
GC Heap History (20 events):
Event: 5.753 GC heap before
{Heap before GC invocations=8 (full 1):
 PSYoungGen      total 29184K, used 4439K [0x00000000eab00000, 0x00000000ecd00000, 0x0000000100000000)
  eden space 24576K, 0% used [0x00000000eab00000,0x00000000eab00000,0x00000000ec300000)
  from space 4608K, 96% used [0x00000000ec400000,0x00000000ec855e90,0x00000000ec880000)
  to   space 4608K, 0% used [0x00000000ec880000,0x00000000ec880000,0x00000000ecd00000)
 ParOldGen       total 68608K, used 9635K [0x00000000c0000000, 0x00000000c4300000, 0x00000000eab00000)
  object space 68608K, 14% used [0x00000000c0000000,0x00000000c0968ff8,0x00000000c4300000)
 Metaspace       used 20657K, committed 21504K, reserved 1114112K
  class space    used 2106K, committed 2496K, reserved 1048576K
}
Event: 5.784 GC heap after
{Heap after GC invocations=8 (full 1):
 PSYoungGen      total 29184K, used 0K [0x00000000eab00000, 0x00000000ecd00000, 0x0000000100000000)
  eden space 24576K, 0% used [0x00000000eab00000,0x00000000eab00000,0x00000000ec300000)
  from space 4608K, 0% used [0x00000000ec400000,0x00000000ec400000,0x00000000ec880000)
  to   space 4608K, 0% used [0x00000000ec880000,0x00000000ec880000,0x00000000ecd00000)
 ParOldGen       total 68608K, used 13019K [0x00000000c0000000, 0x00000000c4300000, 0x00000000eab00000)
  object space 68608K, 18% used [0x00000000c0000000,0x00000000c0cb6e48,0x00000000c4300000)
 Metaspace       used 20645K, committed 21504K, reserved 1114112K
  class space    used 2102K, committed 2496K, reserved 1048576K
}
Event: 5.952 GC heap before
{Heap before GC invocations=9 (full 1):
 PSYoungGen      total 29184K, used 24576K [0x00000000eab00000, 0x00000000ecd00000, 0x0000000100000000)
  eden space 24576K, 100% used [0x00000000eab00000,0x00000000ec300000,0x00000000ec300000)
  from space 4608K, 0% used [0x00000000ec400000,0x00000000ec400000,0x00000000ec880000)
  to   space 4608K, 0% used [0x00000000ec880000,0x00000000ec880000,0x00000000ecd00000)
 ParOldGen       total 68608K, used 13019K [0x00000000c0000000, 0x00000000c4300000, 0x00000000eab00000)
  object space 68608K, 18% used [0x00000000c0000000,0x00000000c0cb6e48,0x00000000c4300000)
 Metaspace       used 23084K, committed 23936K, reserved 1114112K
  class space    used 2263K, committed 2624K, reserved 1048576K
}
Event: 5.953 GC heap after
{Heap after GC invocations=9 (full 1):
 PSYoungGen      total 25088K, used 858K [0x00000000eab00000, 0x00000000ec980000, 0x0000000100000000)
  eden space 24064K, 0% used [0x00000000eab00000,0x00000000eab00000,0x00000000ec280000)
  from space 1024K, 83% used [0x00000000ec880000,0x00000000ec956af8,0x00000000ec980000)
  to   space 2560K, 0% used [0x00000000ec480000,0x00000000ec480000,0x00000000ec700000)
 ParOldGen       total 68608K, used 13019K [0x00000000c0000000, 0x00000000c4300000, 0x00000000eab00000)
  object space 68608K, 18% used [0x00000000c0000000,0x00000000c0cb6e48,0x00000000c4300000)
 Metaspace       used 23084K, committed 23936K, reserved 1114112K
  class space    used 2263K, committed 2624K, reserved 1048576K
}
Event: 6.108 GC heap before
{Heap before GC invocations=10 (full 1):
 PSYoungGen      total 25088K, used 24922K [0x00000000eab00000, 0x00000000ec980000, 0x0000000100000000)
  eden space 24064K, 100% used [0x00000000eab00000,0x00000000ec280000,0x00000000ec280000)
  from space 1024K, 83% used [0x00000000ec880000,0x00000000ec956af8,0x00000000ec980000)
  to   space 2560K, 0% used [0x00000000ec480000,0x00000000ec480000,0x00000000ec700000)
 ParOldGen       total 68608K, used 13019K [0x00000000c0000000, 0x00000000c4300000, 0x00000000eab00000)
  object space 68608K, 18% used [0x00000000c0000000,0x00000000c0cb6e48,0x00000000c4300000)
 Metaspace       used 26472K, committed 27328K, reserved 1114112K
  class space    used 2512K, committed 2880K, reserved 1048576K
}
Event: 6.109 GC heap after
{Heap after GC invocations=10 (full 1):
 PSYoungGen      total 26112K, used 2547K [0x00000000eab00000, 0x00000000ec900000, 0x0000000100000000)
  eden space 23552K, 0% used [0x00000000eab00000,0x00000000eab00000,0x00000000ec200000)
  from space 2560K, 99% used [0x00000000ec480000,0x00000000ec6fcf18,0x00000000ec700000)
  to   space 2048K, 0% used [0x00000000ec700000,0x00000000ec700000,0x00000000ec900000)
 ParOldGen       total 68608K, used 13035K [0x00000000c0000000, 0x00000000c4300000, 0x00000000eab00000)
  object space 68608K, 19% used [0x00000000c0000000,0x00000000c0cbae48,0x00000000c4300000)
 Metaspace       used 26472K, committed 27328K, reserved 1114112K
  class space    used 2512K, committed 2880K, reserved 1048576K
}
Event: 6.336 GC heap before
{Heap before GC invocations=11 (full 1):
 PSYoungGen      total 26112K, used 26099K [0x00000000eab00000, 0x00000000ec900000, 0x0000000100000000)
  eden space 23552K, 100% used [0x00000000eab00000,0x00000000ec200000,0x00000000ec200000)
  from space 2560K, 99% used [0x00000000ec480000,0x00000000ec6fcf18,0x00000000ec700000)
  to   space 2048K, 0% used [0x00000000ec700000,0x00000000ec700000,0x00000000ec900000)
 ParOldGen       total 68608K, used 13035K [0x00000000c0000000, 0x00000000c4300000, 0x00000000eab00000)
  object space 68608K, 19% used [0x00000000c0000000,0x00000000c0cbae48,0x00000000c4300000)
 Metaspace       used 28782K, committed 29632K, reserved 1114112K
  class space    used 2714K, committed 3072K, reserved 1048576K
}
Event: 6.339 GC heap after
{Heap after GC invocations=11 (full 1):
 PSYoungGen      total 25088K, used 2016K [0x00000000eab00000, 0x00000000ec980000, 0x0000000100000000)
  eden space 23040K, 0% used [0x00000000eab00000,0x00000000eab00000,0x00000000ec180000)
  from space 2048K, 98% used [0x00000000ec700000,0x00000000ec8f81c8,0x00000000ec900000)
  to   space 4096K, 0% used [0x00000000ec180000,0x00000000ec180000,0x00000000ec580000)
 ParOldGen       total 68608K, used 14400K [0x00000000c0000000, 0x00000000c4300000, 0x00000000eab00000)
  object space 68608K, 20% used [0x00000000c0000000,0x00000000c0e102c0,0x00000000c4300000)
 Metaspace       used 28782K, committed 29632K, reserved 1114112K
  class space    used 2714K, committed 3072K, reserved 1048576K
}
Event: 7.634 GC heap before
{Heap before GC invocations=12 (full 1):
 PSYoungGen      total 25088K, used 25056K [0x00000000eab00000, 0x00000000ec980000, 0x0000000100000000)
  eden space 23040K, 100% used [0x00000000eab00000,0x00000000ec180000,0x00000000ec180000)
  from space 2048K, 98% used [0x00000000ec700000,0x00000000ec8f81c8,0x00000000ec900000)
  to   space 4096K, 0% used [0x00000000ec180000,0x00000000ec180000,0x00000000ec580000)
 ParOldGen       total 68608K, used 14400K [0x00000000c0000000, 0x00000000c4300000, 0x00000000eab00000)
  object space 68608K, 20% used [0x00000000c0000000,0x00000000c0e102c0,0x00000000c4300000)
 Metaspace       used 31835K, committed 32896K, reserved 1114112K
  class space    used 3087K, committed 3520K, reserved 1048576K
}
Event: 7.637 GC heap after
{Heap after GC invocations=12 (full 1):
 PSYoungGen      total 24576K, used 1569K [0x00000000eab00000, 0x00000000ec780000, 0x0000000100000000)
  eden space 22528K, 0% used [0x00000000eab00000,0x00000000eab00000,0x00000000ec100000)
  from space 2048K, 76% used [0x00000000ec180000,0x00000000ec3085a8,0x00000000ec380000)
  to   space 2560K, 0% used [0x00000000ec500000,0x00000000ec500000,0x00000000ec780000)
 ParOldGen       total 68608K, used 16401K [0x00000000c0000000, 0x00000000c4300000, 0x00000000eab00000)
  object space 68608K, 23% used [0x00000000c0000000,0x00000000c1004698,0x00000000c4300000)
 Metaspace       used 31835K, committed 32896K, reserved 1114112K
  class space    used 3087K, committed 3520K, reserved 1048576K
}
Event: 7.768 GC heap before
{Heap before GC invocations=13 (full 1):
 PSYoungGen      total 24576K, used 24097K [0x00000000eab00000, 0x00000000ec780000, 0x0000000100000000)
  eden space 22528K, 100% used [0x00000000eab00000,0x00000000ec100000,0x00000000ec100000)
  from space 2048K, 76% used [0x00000000ec180000,0x00000000ec3085a8,0x00000000ec380000)
  to   space 2560K, 0% used [0x00000000ec500000,0x00000000ec500000,0x00000000ec780000)
 ParOldGen       total 68608K, used 16401K [0x00000000c0000000, 0x00000000c4300000, 0x00000000eab00000)
  object space 68608K, 23% used [0x00000000c0000000,0x00000000c10046c8,0x00000000c4300000)
 Metaspace       used 34393K, committed 35520K, reserved 1114112K
  class space    used 3424K, committed 3904K, reserved 1048576K
}
Event: 9.784 GC heap after
{Heap after GC invocations=13 (full 1):
 PSYoungGen      total 25088K, used 2551K [0x00000000eab00000, 0x00000000ec780000, 0x0000000100000000)
  eden space 22528K, 0% used [0x00000000eab00000,0x00000000eab00000,0x00000000ec100000)
  from space 2560K, 99% used [0x00000000ec500000,0x00000000ec77dce8,0x00000000ec780000)
  to   space 2048K, 0% used [0x00000000ec180000,0x00000000ec180000,0x00000000ec380000)
 ParOldGen       total 68608K, used 18443K [0x00000000c0000000, 0x00000000c4300000, 0x00000000eab00000)
  object space 68608K, 26% used [0x00000000c0000000,0x00000000c1202fd0,0x00000000c4300000)
 Metaspace       used 34393K, committed 35520K, reserved 1114112K
  class space    used 3424K, committed 3904K, reserved 1048576K
}
Event: 9.821 GC heap before
{Heap before GC invocations=14 (full 1):
 PSYoungGen      total 25088K, used 8034K [0x00000000eab00000, 0x00000000ec780000, 0x0000000100000000)
  eden space 22528K, 24% used [0x00000000eab00000,0x00000000eb05ab88,0x00000000ec100000)
  from space 2560K, 99% used [0x00000000ec500000,0x00000000ec77dce8,0x00000000ec780000)
  to   space 2048K, 0% used [0x00000000ec180000,0x00000000ec180000,0x00000000ec380000)
 ParOldGen       total 68608K, used 18443K [0x00000000c0000000, 0x00000000c4300000, 0x00000000eab00000)
  object space 68608K, 26% used [0x00000000c0000000,0x00000000c1202fd0,0x00000000c4300000)
 Metaspace       used 34806K, committed 35840K, reserved 1114112K
  class space    used 3485K, committed 3904K, reserved 1048576K
}
Event: 9.823 GC heap after
{Heap after GC invocations=14 (full 1):
 PSYoungGen      total 24576K, used 704K [0x00000000eab00000, 0x00000000ec600000, 0x0000000100000000)
  eden space 22528K, 0% used [0x00000000eab00000,0x00000000eab00000,0x00000000ec100000)
  from space 2048K, 34% used [0x00000000ec180000,0x00000000ec230000,0x00000000ec380000)
  to   space 2560K, 0% used [0x00000000ec380000,0x00000000ec380000,0x00000000ec600000)
 ParOldGen       total 68608K, used 19723K [0x00000000c0000000, 0x00000000c4300000, 0x00000000eab00000)
  object space 68608K, 28% used [0x00000000c0000000,0x00000000c1342ff0,0x00000000c4300000)
 Metaspace       used 34806K, committed 35840K, reserved 1114112K
  class space    used 3485K, committed 3904K, reserved 1048576K
}
Event: 9.823 GC heap before
{Heap before GC invocations=15 (full 2):
 PSYoungGen      total 24576K, used 704K [0x00000000eab00000, 0x00000000ec600000, 0x0000000100000000)
  eden space 22528K, 0% used [0x00000000eab00000,0x00000000eab00000,0x00000000ec100000)
  from space 2048K, 34% used [0x00000000ec180000,0x00000000ec230000,0x00000000ec380000)
  to   space 2560K, 0% used [0x00000000ec380000,0x00000000ec380000,0x00000000ec600000)
 ParOldGen       total 68608K, used 19723K [0x00000000c0000000, 0x00000000c4300000, 0x00000000eab00000)
  object space 68608K, 28% used [0x00000000c0000000,0x00000000c1342ff0,0x00000000c4300000)
 Metaspace       used 34806K, committed 35840K, reserved 1114112K
  class space    used 3485K, committed 3904K, reserved 1048576K
}
Event: 9.849 GC heap after
{Heap after GC invocations=15 (full 2):
 PSYoungGen      total 24576K, used 0K [0x00000000eab00000, 0x00000000ec600000, 0x0000000100000000)
  eden space 22528K, 0% used [0x00000000eab00000,0x00000000eab00000,0x00000000ec100000)
  from space 2048K, 0% used [0x00000000ec180000,0x00000000ec180000,0x00000000ec380000)
  to   space 2560K, 0% used [0x00000000ec380000,0x00000000ec380000,0x00000000ec600000)
 ParOldGen       total 68608K, used 19069K [0x00000000c0000000, 0x00000000c4300000, 0x00000000eab00000)
  object space 68608K, 27% used [0x00000000c0000000,0x00000000c129f718,0x00000000c4300000)
 Metaspace       used 34806K, committed 35840K, reserved 1114112K
  class space    used 3485K, committed 3904K, reserved 1048576K
}
Event: 9.979 GC heap before
{Heap before GC invocations=16 (full 2):
 PSYoungGen      total 24576K, used 22528K [0x00000000eab00000, 0x00000000ec600000, 0x0000000100000000)
  eden space 22528K, 100% used [0x00000000eab00000,0x00000000ec100000,0x00000000ec100000)
  from space 2048K, 0% used [0x00000000ec180000,0x00000000ec180000,0x00000000ec380000)
  to   space 2560K, 0% used [0x00000000ec380000,0x00000000ec380000,0x00000000ec600000)
 ParOldGen       total 68608K, used 19290K [0x00000000c0000000, 0x00000000c4300000, 0x00000000eab00000)
  object space 68608K, 28% used [0x00000000c0000000,0x00000000c12d6838,0x00000000c4300000)
 Metaspace       used 38332K, committed 39488K, reserved 1114112K
  class space    used 3922K, committed 4416K, reserved 1048576K
}
Event: 9.982 GC heap after
{Heap after GC invocations=16 (full 2):
 PSYoungGen      total 23552K, used 1209K [0x00000000eab00000, 0x00000000ec500000, 0x0000000100000000)
  eden space 22016K, 0% used [0x00000000eab00000,0x00000000eab00000,0x00000000ec080000)
  from space 1536K, 78% used [0x00000000ec380000,0x00000000ec4ae508,0x00000000ec500000)
  to   space 1536K, 0% used [0x00000000ec200000,0x00000000ec200000,0x00000000ec380000)
 ParOldGen       total 68608K, used 19298K [0x00000000c0000000, 0x00000000c4300000, 0x00000000eab00000)
  object space 68608K, 28% used [0x00000000c0000000,0x00000000c12d8838,0x00000000c4300000)
 Metaspace       used 38332K, committed 39488K, reserved 1114112K
  class space    used 3922K, committed 4416K, reserved 1048576K
}
Event: 11.132 GC heap before
{Heap before GC invocations=17 (full 2):
 PSYoungGen      total 23552K, used 23225K [0x00000000eab00000, 0x00000000ec500000, 0x0000000100000000)
  eden space 22016K, 100% used [0x00000000eab00000,0x00000000ec080000,0x00000000ec080000)
  from space 1536K, 78% used [0x00000000ec380000,0x00000000ec4ae508,0x00000000ec500000)
  to   space 1536K, 0% used [0x00000000ec200000,0x00000000ec200000,0x00000000ec380000)
 ParOldGen       total 68608K, used 19298K [0x00000000c0000000, 0x00000000c4300000, 0x00000000eab00000)
  object space 68608K, 28% used [0x00000000c0000000,0x00000000c12d8838,0x00000000c4300000)
 Metaspace       used 40227K, committed 41344K, reserved 1114112K
  class space    used 4187K, committed 4672K, reserved 1048576K
}
Event: 11.135 GC heap after
{Heap after GC invocations=17 (full 2):
 PSYoungGen      total 23552K, used 1065K [0x00000000eab00000, 0x00000000ec400000, 0x0000000100000000)
  eden space 22016K, 0% used [0x00000000eab00000,0x00000000eab00000,0x00000000ec080000)
  from space 1536K, 69% used [0x00000000ec200000,0x00000000ec30a6f0,0x00000000ec380000)
  to   space 512K, 0% used [0x00000000ec380000,0x00000000ec380000,0x00000000ec400000)
 ParOldGen       total 68608K, used 19995K [0x00000000c0000000, 0x00000000c4300000, 0x00000000eab00000)
  object space 68608K, 29% used [0x00000000c0000000,0x00000000c1386f20,0x00000000c4300000)
 Metaspace       used 40227K, committed 41344K, reserved 1114112K
  class space    used 4187K, committed 4672K, reserved 1048576K
}

