# JRE version: OpenJDK Runtime Environment Temurin-21.0.7+6 (21.0.7+6) (build 21.0.7+6-LTS)
# Java VM: OpenJDK 64-Bit Server VM Temurin-21.0.7+6 (21.0.7+6-LTS, mixed mode, sharing, tiered, compressed oops, compressed class ptrs, parallel gc, windows-amd64)
GC Precious Log:
 CardTable entry size: 512
 CPUs: 8 total, 8 available
 Memory: 8023M
 Large Page Support: Disabled
 NUMA Support: Disabled
 Compressed Oops: Enabled (32-bit)
 Alignments: Space 512K, Generation 512K, Heap 2M
 Heap Min Capacity: 100M
 Heap Initial Capacity: 100M
 Heap Max Capacity: 1G
 Pre-touch: Disabled
 Parallel Workers: 8
Heap:
 PSYoungGen      total 11264K, used 11149K [0x00000000eab00000, 0x00000000ebb00000, 0x0000000100000000)
  eden space 7680K, 100% used [0x00000000eab00000,0x00000000eb280000,0x00000000eb280000)
  from space 3584K, 96% used [0x00000000eb780000,0x00000000ebae37a0,0x00000000ebb00000)
  to   space 4096K, 65% used [0x00000000eb300000,0x00000000eb59c0c8,0x00000000eb700000)
 ParOldGen       total 331776K, used 331556K [0x00000000c0000000, 0x00000000d4400000, 0x00000000eab00000)
  object space 331776K, 99% used [0x00000000c0000000,0x00000000d43c9180,0x00000000d4400000)
 Metaspace       used 67024K, committed 68352K, reserved 1114112K
  class space    used 7508K, committed 8064K, reserved 1048576K
GC Heap History (20 events):
Event: 15.908 GC heap after
{Heap after GC invocations=228 (full 3):
 PSYoungGen      total 8704K, used 2392K [0x00000000eab00000, 0x00000000eb780000, 0x0000000100000000)
  eden space 6144K, 0% used [0x00000000eab00000,0x00000000eab00000,0x00000000eb100000)
  from space 2560K, 93% used [0x00000000eb100000,0x00000000eb3560f8,0x00000000eb380000)
  to   space 2560K, 0% used [0x00000000eb500000,0x00000000eb500000,0x00000000eb780000)
 ParOldGen       total 310784K, used 310412K [0x00000000c0000000, 0x00000000d2f80000, 0x00000000eab00000)
  object space 310784K, 99% used [0x00000000c0000000,0x00000000d2f232d8,0x00000000d2f80000)
 Metaspace       used 65783K, committed 67200K, reserved 1114112K
  class space    used 7314K, committed 7936K, reserved 1048576K
}
Event: 15.918 GC heap before
{Heap before GC invocations=229 (full 3):
 PSYoungGen      total 8704K, used 8467K [0x00000000eab00000, 0x00000000eb780000, 0x0000000100000000)
  eden space 6144K, 98% used [0x00000000eab00000,0x00000000eb0eec98,0x00000000eb100000)
  from space 2560K, 93% used [0x00000000eb100000,0x00000000eb3560f8,0x00000000eb380000)
  to   space 2560K, 0% used [0x00000000eb500000,0x00000000eb500000,0x00000000eb780000)
 ParOldGen       total 310784K, used 310412K [0x00000000c0000000, 0x00000000d2f80000, 0x00000000eab00000)
  object space 310784K, 99% used [0x00000000c0000000,0x00000000d2f232d8,0x00000000d2f80000)
 Metaspace       used 65836K, committed 67200K, reserved 1114112K
  class space    used 7321K, committed 7936K, reserved 1048576K
}
Event: 15.920 GC heap after
{Heap after GC invocations=229 (full 3):
 PSYoungGen      total 10240K, used 2523K [0x00000000eab00000, 0x00000000eb780000, 0x0000000100000000)
  eden space 7680K, 0% used [0x00000000eab00000,0x00000000eab00000,0x00000000eb280000)
  from space 2560K, 98% used [0x00000000eb500000,0x00000000eb776fa8,0x00000000eb780000)
  to   space 2560K, 0% used [0x00000000eb280000,0x00000000eb280000,0x00000000eb500000)
 ParOldGen       total 312832K, used 312666K [0x00000000c0000000, 0x00000000d3180000, 0x00000000eab00000)
  object space 312832K, 99% used [0x00000000c0000000,0x00000000d3156bb8,0x00000000d3180000)
 Metaspace       used 65836K, committed 67200K, reserved 1114112K
  class space    used 7321K, committed 7936K, reserved 1048576K
}
Event: 15.932 GC heap before
{Heap before GC invocations=230 (full 3):
 PSYoungGen      total 10240K, used 10196K [0x00000000eab00000, 0x00000000eb780000, 0x0000000100000000)
  eden space 7680K, 99% used [0x00000000eab00000,0x00000000eb27e1f8,0x00000000eb280000)
  from space 2560K, 98% used [0x00000000eb500000,0x00000000eb776fa8,0x00000000eb780000)
  to   space 2560K, 0% used [0x00000000eb280000,0x00000000eb280000,0x00000000eb500000)
 ParOldGen       total 312832K, used 312666K [0x00000000c0000000, 0x00000000d3180000, 0x00000000eab00000)
  object space 312832K, 99% used [0x00000000c0000000,0x00000000d3156bb8,0x00000000d3180000)
 Metaspace       used 65986K, committed 67392K, reserved 1114112K
  class space    used 7344K, committed 7936K, reserved 1048576K
}
Event: 15.935 GC heap after
{Heap after GC invocations=230 (full 3):
 PSYoungGen      total 10240K, used 2531K [0x00000000eab00000, 0x00000000ec000000, 0x0000000100000000)
  eden space 7680K, 0% used [0x00000000eab00000,0x00000000eab00000,0x00000000eb280000)
  from space 2560K, 98% used [0x00000000eb280000,0x00000000eb4f8fe0,0x00000000eb500000)
  to   space 6144K, 0% used [0x00000000eba00000,0x00000000eba00000,0x00000000ec000000)
 ParOldGen       total 315904K, used 315555K [0x00000000c0000000, 0x00000000d3480000, 0x00000000eab00000)
  object space 315904K, 99% used [0x00000000c0000000,0x00000000d3428c88,0x00000000d3480000)
 Metaspace       used 65986K, committed 67392K, reserved 1114112K
  class space    used 7344K, committed 7936K, reserved 1048576K
}
Event: 15.948 GC heap before
{Heap before GC invocations=231 (full 3):
 PSYoungGen      total 10240K, used 10211K [0x00000000eab00000, 0x00000000ec000000, 0x0000000100000000)
  eden space 7680K, 99% used [0x00000000eab00000,0x00000000eb27ffe8,0x00000000eb280000)
  from space 2560K, 98% used [0x00000000eb280000,0x00000000eb4f8fe0,0x00000000eb500000)
  to   space 6144K, 0% used [0x00000000eba00000,0x00000000eba00000,0x00000000ec000000)
 ParOldGen       total 315904K, used 315555K [0x00000000c0000000, 0x00000000d3480000, 0x00000000eab00000)
  object space 315904K, 99% used [0x00000000c0000000,0x00000000d3428c88,0x00000000d3480000)
 Metaspace       used 66077K, committed 67456K, reserved 1114112K
  class space    used 7364K, committed 7936K, reserved 1048576K
}
Event: 15.950 GC heap after
{Heap after GC invocations=231 (full 3):
 PSYoungGen      total 10240K, used 2326K [0x00000000eab00000, 0x00000000ebc80000, 0x0000000100000000)
  eden space 7680K, 0% used [0x00000000eab00000,0x00000000eab00000,0x00000000eb280000)
  from space 2560K, 90% used [0x00000000eba00000,0x00000000ebc45950,0x00000000ebc80000)
  to   space 3584K, 0% used [0x00000000eb580000,0x00000000eb580000,0x00000000eb900000)
 ParOldGen       total 317952K, used 317949K [0x00000000c0000000, 0x00000000d3680000, 0x00000000eab00000)
  object space 317952K, 99% used [0x00000000c0000000,0x00000000d367f5b0,0x00000000d3680000)
 Metaspace       used 66077K, committed 67456K, reserved 1114112K
  class space    used 7364K, committed 7936K, reserved 1048576K
}
Event: 16.011 GC heap before
{Heap before GC invocations=232 (full 3):
 PSYoungGen      total 10240K, used 10003K [0x00000000eab00000, 0x00000000ebc80000, 0x0000000100000000)
  eden space 7680K, 99% used [0x00000000eab00000,0x00000000eb27f628,0x00000000eb280000)
  from space 2560K, 90% used [0x00000000eba00000,0x00000000ebc45950,0x00000000ebc80000)
  to   space 3584K, 0% used [0x00000000eb580000,0x00000000eb580000,0x00000000eb900000)
 ParOldGen       total 317952K, used 317949K [0x00000000c0000000, 0x00000000d3680000, 0x00000000eab00000)
  object space 317952K, 99% used [0x00000000c0000000,0x00000000d367f5b0,0x00000000d3680000)
 Metaspace       used 66400K, committed 67712K, reserved 1114112K
  class space    used 7440K, committed 8000K, reserved 1048576K
}
Event: 16.016 GC heap after
{Heap after GC invocations=232 (full 3):
 PSYoungGen      total 9728K, used 1996K [0x00000000eab00000, 0x00000000eba80000, 0x0000000100000000)
  eden space 7680K, 0% used [0x00000000eab00000,0x00000000eab00000,0x00000000eb280000)
  from space 2048K, 97% used [0x00000000eb580000,0x00000000eb773280,0x00000000eb780000)
  to   space 2560K, 0% used [0x00000000eb800000,0x00000000eb800000,0x00000000eba80000)
 ParOldGen       total 320512K, used 320132K [0x00000000c0000000, 0x00000000d3900000, 0x00000000eab00000)
  object space 320512K, 99% used [0x00000000c0000000,0x00000000d38a12d8,0x00000000d3900000)
 Metaspace       used 66400K, committed 67712K, reserved 1114112K
  class space    used 7440K, committed 8000K, reserved 1048576K
}
Event: 16.088 GC heap before
{Heap before GC invocations=233 (full 3):
 PSYoungGen      total 9728K, used 9651K [0x00000000eab00000, 0x00000000eba80000, 0x0000000100000000)
  eden space 7680K, 99% used [0x00000000eab00000,0x00000000eb279a38,0x00000000eb280000)
  from space 2048K, 97% used [0x00000000eb580000,0x00000000eb773280,0x00000000eb780000)
  to   space 2560K, 0% used [0x00000000eb800000,0x00000000eb800000,0x00000000eba80000)
 ParOldGen       total 320512K, used 320132K [0x00000000c0000000, 0x00000000d3900000, 0x00000000eab00000)
  object space 320512K, 99% used [0x00000000c0000000,0x00000000d38a12d8,0x00000000d3900000)
 Metaspace       used 66618K, committed 67968K, reserved 1114112K
  class space    used 7464K, committed 8064K, reserved 1048576K
}
Event: 16.090 GC heap after
{Heap after GC invocations=233 (full 3):
 PSYoungGen      total 8192K, used 256K [0x00000000eab00000, 0x00000000eb880000, 0x0000000100000000)
  eden space 7680K, 0% used [0x00000000eab00000,0x00000000eab00000,0x00000000eb280000)
  from space 512K, 50% used [0x00000000eb800000,0x00000000eb840000,0x00000000eb880000)
  to   space 1024K, 0% used [0x00000000eb680000,0x00000000eb680000,0x00000000eb780000)
 ParOldGen       total 322048K, used 322040K [0x00000000c0000000, 0x00000000d3a80000, 0x00000000eab00000)
  object space 322048K, 99% used [0x00000000c0000000,0x00000000d3a7e068,0x00000000d3a80000)
 Metaspace       used 66618K, committed 67968K, reserved 1114112K
  class space    used 7464K, committed 8064K, reserved 1048576K
}
Event: 16.485 GC heap before
{Heap before GC invocations=234 (full 3):
 PSYoungGen      total 8192K, used 7936K [0x00000000eab00000, 0x00000000eb880000, 0x0000000100000000)
  eden space 7680K, 100% used [0x00000000eab00000,0x00000000eb280000,0x00000000eb280000)
  from space 512K, 50% used [0x00000000eb800000,0x00000000eb840000,0x00000000eb880000)
  to   space 1024K, 0% used [0x00000000eb680000,0x00000000eb680000,0x00000000eb780000)
 ParOldGen       total 322048K, used 322040K [0x00000000c0000000, 0x00000000d3a80000, 0x00000000eab00000)
  object space 322048K, 99% used [0x00000000c0000000,0x00000000d3a7e068,0x00000000d3a80000)
 Metaspace       used 66646K, committed 68032K, reserved 1114112K
  class space    used 7468K, committed 8064K, reserved 1048576K
}
Event: 16.490 GC heap after
{Heap after GC invocations=234 (full 3):
 PSYoungGen      total 8704K, used 994K [0x00000000eab00000, 0x00000000eb880000, 0x0000000100000000)
  eden space 7680K, 0% used [0x00000000eab00000,0x00000000eab00000,0x00000000eb280000)
  from space 1024K, 97% used [0x00000000eb680000,0x00000000eb778800,0x00000000eb780000)
  to   space 1024K, 0% used [0x00000000eb780000,0x00000000eb780000,0x00000000eb880000)
 ParOldGen       total 323072K, used 323064K [0x00000000c0000000, 0x00000000d3b80000, 0x00000000eab00000)
  object space 323072K, 99% used [0x00000000c0000000,0x00000000d3b7e310,0x00000000d3b80000)
 Metaspace       used 66646K, committed 68032K, reserved 1114112K
  class space    used 7468K, committed 8064K, reserved 1048576K
}
Event: 16.748 GC heap before
{Heap before GC invocations=235 (full 3):
 PSYoungGen      total 8704K, used 8674K [0x00000000eab00000, 0x00000000eb880000, 0x0000000100000000)
  eden space 7680K, 100% used [0x00000000eab00000,0x00000000eb280000,0x00000000eb280000)
  from space 1024K, 97% used [0x00000000eb680000,0x00000000eb778800,0x00000000eb780000)
  to   space 1024K, 0% used [0x00000000eb780000,0x00000000eb780000,0x00000000eb880000)
 ParOldGen       total 323072K, used 323064K [0x00000000c0000000, 0x00000000d3b80000, 0x00000000eab00000)
  object space 323072K, 99% used [0x00000000c0000000,0x00000000d3b7e310,0x00000000d3b80000)
 Metaspace       used 66649K, committed 68032K, reserved 1114112K
  class space    used 7468K, committed 8064K, reserved 1048576K
}
Event: 16.754 GC heap after
{Heap after GC invocations=235 (full 3):
 PSYoungGen      total 8704K, used 993K [0x00000000eab00000, 0x00000000eb880000, 0x0000000100000000)
  eden space 7680K, 0% used [0x00000000eab00000,0x00000000eab00000,0x00000000eb280000)
  from space 1024K, 96% used [0x00000000eb780000,0x00000000eb878400,0x00000000eb880000)
  to   space 2560K, 0% used [0x00000000eb380000,0x00000000eb380000,0x00000000eb600000)
 ParOldGen       total 324608K, used 324100K [0x00000000c0000000, 0x00000000d3d00000, 0x00000000eab00000)
  object space 324608K, 99% used [0x00000000c0000000,0x00000000d3c811b0,0x00000000d3d00000)
 Metaspace       used 66649K, committed 68032K, reserved 1114112K
  class space    used 7468K, committed 8064K, reserved 1048576K
}
Event: 16.902 GC heap before
{Heap before GC invocations=236 (full 3):
 PSYoungGen      total 8704K, used 8673K [0x00000000eab00000, 0x00000000eb880000, 0x0000000100000000)
  eden space 7680K, 100% used [0x00000000eab00000,0x00000000eb280000,0x00000000eb280000)
  from space 1024K, 96% used [0x00000000eb780000,0x00000000eb878400,0x00000000eb880000)
  to   space 2560K, 0% used [0x00000000eb380000,0x00000000eb380000,0x00000000eb600000)
 ParOldGen       total 324608K, used 324100K [0x00000000c0000000, 0x00000000d3d00000, 0x00000000eab00000)
  object space 324608K, 99% used [0x00000000c0000000,0x00000000d3c811b0,0x00000000d3d00000)
 Metaspace       used 66649K, committed 68032K, reserved 1114112K
  class space    used 7468K, committed 8064K, reserved 1048576K
}
Event: 16.910 GC heap after
{Heap after GC invocations=236 (full 3):
 PSYoungGen      total 10240K, used 2552K [0x00000000eab00000, 0x00000000ebc80000, 0x0000000100000000)
  eden space 7680K, 0% used [0x00000000eab00000,0x00000000eab00000,0x00000000eb280000)
  from space 2560K, 99% used [0x00000000eb380000,0x00000000eb5fe3d0,0x00000000eb600000)
  to   space 5120K, 0% used [0x00000000eb780000,0x00000000eb780000,0x00000000ebc80000)
 ParOldGen       total 326656K, used 326148K [0x00000000c0000000, 0x00000000d3f00000, 0x00000000eab00000)
  object space 326656K, 99% used [0x00000000c0000000,0x00000000d3e81058,0x00000000d3f00000)
 Metaspace       used 66649K, committed 68032K, reserved 1114112K
  class space    used 7468K, committed 8064K, reserved 1048576K
}
Event: 17.136 GC heap before
{Heap before GC invocations=237 (full 3):
 PSYoungGen      total 10240K, used 10232K [0x00000000eab00000, 0x00000000ebc80000, 0x0000000100000000)
  eden space 7680K, 100% used [0x00000000eab00000,0x00000000eb280000,0x00000000eb280000)
  from space 2560K, 99% used [0x00000000eb380000,0x00000000eb5fe3d0,0x00000000eb600000)
  to   space 5120K, 0% used [0x00000000eb780000,0x00000000eb780000,0x00000000ebc80000)
 ParOldGen       total 326656K, used 326148K [0x00000000c0000000, 0x00000000d3f00000, 0x00000000eab00000)
  object space 326656K, 99% used [0x00000000c0000000,0x00000000d3e81058,0x00000000d3f00000)
 Metaspace       used 66682K, committed 68032K, reserved 1114112K
  class space    used 7475K, committed 8064K, reserved 1048576K
}
Event: 17.143 GC heap after
{Heap after GC invocations=237 (full 3):
 PSYoungGen      total 11264K, used 3469K [0x00000000eab00000, 0x00000000ebb00000, 0x0000000100000000)
  eden space 7680K, 0% used [0x00000000eab00000,0x00000000eab00000,0x00000000eb280000)
  from space 3584K, 96% used [0x00000000eb780000,0x00000000ebae37a0,0x00000000ebb00000)
  to   space 4096K, 0% used [0x00000000eb300000,0x00000000eb300000,0x00000000eb700000)
 ParOldGen       total 328704K, used 328505K [0x00000000c0000000, 0x00000000d4100000, 0x00000000eab00000)
  object space 328704K, 99% used [0x00000000c0000000,0x00000000d40ce4d8,0x00000000d4100000)
 Metaspace       used 66682K, committed 68032K, reserved 1114112K
  class space    used 7475K, committed 8064K, reserved 1048576K
}
Event: 18.506 GC heap before
{Heap before GC invocations=238 (full 3):
 PSYoungGen      total 11264K, used 11149K [0x00000000eab00000, 0x00000000ebb00000, 0x0000000100000000)
  eden space 7680K, 100% used [0x00000000eab00000,0x00000000eb280000,0x00000000eb280000)
  from space 3584K, 96% used [0x00000000eb780000,0x00000000ebae37a0,0x00000000ebb00000)
  to   space 4096K, 0% used [0x00000000eb300000,0x00000000eb300000,0x00000000eb700000)
 ParOldGen       total 328704K, used 328505K [0x00000000c0000000, 0x00000000d4100000, 0x00000000eab00000)
  object space 328704K, 99% used [0x00000000c0000000,0x00000000d40ce4d8,0x00000000d4100000)
 Metaspace       used 67024K, committed 68352K, reserved 1114112K
  class space    used 7508K, committed 8064K, reserved 1048576K
}

